/*C13*/SET SCHEMA PUBLIC
drop table if exists event_data CASCADE 
create table event_data (id varchar(255) not null, duration integer not null, flag boolean, host varchar(255), type varchar(255), primary key (id))
INSERT INTO EVENT_DATA VALUES('scsmbstgra',5,TRUE,'12345','APPLICATION_LOG')
INSERT INTO EVENT_DATA VALUES('scsmbstgrb',3,FALSE,NULL,NULL)
INSERT INTO EVENT_DATA VALUES('scsmbstgrc',8,TRUE,NULL,NULL)
COMMIT
DISCONNECT
/*C14*/SET SCHEMA PUBLIC
DISCONNECT
/*C15*/SET SCHEMA PUBLIC
DISCONNECT
/*C16*/SET SCHEMA PUBLIC
DISCONNECT
/*C17*/SET SCHEMA PUBLIC
DISCONNECT
/*C18*/SET SCHEMA PUBLIC
DISCONNECT
/*C19*/SET SCHEMA PUBLIC
DISCONNECT
/*C20*/SET SCHEMA PUBLIC
DISCONNECT
/*C21*/SET SCHEMA PUBLIC
DISCONNECT
/*C22*/SET SCHEMA PUBLIC
DISCONNECT
